<?xml version="1.0" encoding="utf-8"?>
<TestRun id="3df225bd-b7f0-4855-9139-9d3d2b5f1be5" name="srini@DESKTOP-CNR9OSN 2026-07-29 08:18:53" runUser="DESKTOP-CNR9OSN\srini" xmlns="http://microsoft.com/schemas/VisualStudio/TeamTest/2010">
  <Times creation="2026-07-29T08:18:53.8341527+05:30" queuing="2026-07-29T08:18:53.8341535+05:30" start="2026-07-29T08:17:53.9280795+05:30" finish="2026-07-29T08:18:58.4337184+05:30" />
  <TestSettings name="default" id="4c2a00f7-621e-4082-806a-fea186ce37a7">
    <Deployment runDeploymentRoot="srini_DESKTOP-CNR9OSN_2026-07-29_08_18_53" />
  </TestSettings>
  <Results>
    <UnitTestResult executionId="0e752452-665c-4518-84df-476dc3509004" testId="9415370c-19d0-9f61-1d49-308b8f31293b" testName="Pharma.UiTests.ScreenshotCapture.Capture_screens_for_the_user_guide" computerName="DESKTOP-CNR9OSN" duration="00:00:48.2779382" startTime="2026-07-29T08:18:04.2601995+05:30" endTime="2026-07-29T08:18:52.4779910+05:30" testType="13cdc9d9-ddb5-4fa4-a97d-d965ccfc6d4b" outcome="Failed" testListId="8c84fa94-04c1-424b-9868-57a2d4851a1d" relativeResultsDirectory="0e752452-665c-4518-84df-476dc3509004">
      <Output>
        <ErrorInfo>
          <Message>System.NullReferenceException : Object reference not set to an instance of an object.</Message>
          <StackTrace>   at Pharma.UiTests.ScreenshotCapture.Capture_screens_for_the_user_guide() in C:\Users\srini\source\repos\yugandharsimhadri\HMS_WPF\tests\Pharma.UiTests\ScreenshotCapture.cs:line 132&#xD;
   at System.Reflection.MethodBaseInvoker.InterpretedInvoke_Method(Object obj, IntPtr* args)&#xD;
   at System.Reflection.MethodBaseInvoker.InvokeWithNoArgs(Object obj, BindingFlags invokeAttr)</StackTrace>
        </ErrorInfo>
      </Output>
    </UnitTestResult>
  </Results>
  <TestDefinitions>
    <UnitTest name="Pharma.UiTests.ScreenshotCapture.Capture_screens_for_the_user_guide" storage="c:\users\srini\source\repos\yugandharsimhadri\hms_wpf\tests\pharma.uitests\bin\debug\net10.0-windows\pharma.uitests.dll" id="9415370c-19d0-9f61-1d49-308b8f31293b">
      <Execution id="0e752452-665c-4518-84df-476dc3509004" />
      <TestMethod codeBase="C:\Users\srini\source\repos\yugandharsimhadri\HMS_WPF\tests\Pharma.UiTests\bin\Debug\net10.0-windows\Pharma.UiTests.dll" adapterTypeName="executor://xunit/VsTestRunner3/netcore/" className="Pharma.UiTests.ScreenshotCapture" name="Capture_screens_for_the_user_guide" />
    </UnitTest>
  </TestDefinitions>
  <TestEntries>
    <TestEntry testId="9415370c-19d0-9f61-1d49-308b8f31293b" executionId="0e752452-665c-4518-84df-476dc3509004" testListId="8c84fa94-04c1-424b-9868-57a2d4851a1d" />
  </TestEntries>
  <TestLists>
    <TestList name="Results Not in a List" id="8c84fa94-04c1-424b-9868-57a2d4851a1d" />
    <TestList name="All Loaded Results" id="19431567-8539-422a-85d7-44ee4e166bda" />
  </TestLists>
  <ResultSummary outcome="Failed">
    <Counters total="1" executed="1" passed="0" failed="1" error="0" timeout="0" aborted="0" inconclusive="0" passedButRunAborted="0" notRunnable="0" notExecuted="0" disconnected="0" warning="0" completed="0" inProgress="0" pending="0" />
    <Output>
      <StdOut>[xUnit.net 00:00:00.00] xUnit.net VSTest Adapter v3.1.4+50e68bbb8b (64-bit .NET 10.0.9)&#xD;
[xUnit.net 00:00:00.25]   Discovering: Pharma.UiTests&#xD;
[xUnit.net 00:00:00.44]   Discovered:  Pharma.UiTests&#xD;
[xUnit.net 00:00:00.53]   Starting:    Pharma.UiTests&#xD;
[xUnit.net 00:00:57.13]       System.NullReferenceException : Object reference not set to an instance of an object.&#xD;
[xUnit.net 00:00:57.14]       Stack Trace:&#xD;
[xUnit.net 00:00:57.14]         C:\Users\srini\source\repos\yugandharsimhadri\HMS_WPF\tests\Pharma.UiTests\ScreenshotCapture.cs(132,0): at Pharma.UiTests.ScreenshotCapture.Capture_screens_for_the_user_guide()&#xD;
[xUnit.net 00:00:57.14]            at System.Reflection.MethodBaseInvoker.InterpretedInvoke_Method(Object obj, IntPtr* args)&#xD;
[xUnit.net 00:00:57.14]            at System.Reflection.MethodBaseInvoker.InvokeWithNoArgs(Object obj, BindingFlags invokeAttr)&#xD;
Application failed to exit&#xD;
[xUnit.net 00:01:02.47]   Finished:    Pharma.UiTests&#xD;
</StdOut>
    </Output>
    <RunInfos>
      <RunInfo computerName="DESKTOP-CNR9OSN" outcome="Error" timestamp="2026-07-29T08:18:52.4863827+05:30">
        <Text>[xUnit.net 00:00:57.13]     Pharma.UiTests.ScreenshotCapture.Capture_screens_for_the_user_guide [FAIL]</Text>
      </RunInfo>
    </RunInfos>
  </ResultSummary>
</TestRun>